Arguments: 
  C:\Program Files\nodejs\node.exe C:\Program Files\nodejs\node_modules\yarn\bin\yarn.js add express

PATH: 
  C:\Users\rami\bin;C:\Program Files\Git\mingw64\bin;C:\Program Files\Git\usr\local\bin;C:\Program Files\Git\usr\bin;C:\Program Files\Git\usr\bin;C:\Program Files\Git\mingw64\bin;C:\Program Files\Git\usr\bin;C:\Users\rami\bin;C:\Program Files\Java\jdk-11.0.7\bin;C:\ProgramData\chocolatey\bin;C:\Users\rami\AppData\Roaming\nvm;C:\Program Files\nodejs;C:\Program Files\MySQL\MySQL Shell 8.0\bin;C:\Users\rami\AppData\Local\Microsoft\WindowsApps;C:\Users\rami\AppData\Local\Programs\Microsoft VS Code\bin;C:\Program Files\JetBrains\IntelliJ IDEA Community Edition 2020.1.2\bin;C:\Users\rami\AppData\Roaming\nvm;C:\Program Files\nodejs;C:\Program Files\Git\usr\bin\vendor_perl;C:\Program Files\Git\usr\bin\core_perl

Yarn version: 
  1.22.4

Node version: 
  12.18.3

Platform: 
  win32 x64

Trace: 
  Error: connect ETIMEDOUT 104.16.23.35:443
      at TCPConnectWrap.afterConnect [as oncomplete] (net.js:1141:16)

npm manifest: 
  {
    "name": "zaphir-server",
    "version": "1.0.0",
    "description": "",
    "main": "index.js",
    "scripts": {
      "test": "echo \"Error: no test specified\" && exit 1"
    },
    "keywords": [],
    "author": "",
    "license": "ISC"
  }

yarn manifest: 
  No manifest

Lockfile: 
  No lockfile
